2019-02-05 05:58:37 INFO  BaseTest:18 - Starting Test Case : doLogin
2019-02-05 05:58:37 INFO  PayloadGenerator:14 - Inside PayloadConverter function
2019-02-05 05:58:37 INFO  URL:17 - URI End Point : http://localhost:8080/rest/auth/1/session
2019-02-05 05:58:37 INFO  RESTCalls:28 - Inside POSTRequest call
2019-02-05 05:58:38 DEBUG BasicClientConnectionManager:164 - Get connection for route {}->http://localhost:8080
2019-02-05 05:58:39 DEBUG DefaultClientConnectionOperator:176 - Connecting to localhost:8080
2019-02-05 05:58:39 DEBUG RequestAddCookies:122 - CookieSpec selected: ignoreCookies
2019-02-05 05:58:39 DEBUG RequestAuthCache:76 - Auth cache not set in the context
2019-02-05 05:58:39 DEBUG RequestTargetAuthentication:79 - Target auth state: UNCHALLENGED
2019-02-05 05:58:39 DEBUG RequestProxyAuthentication:88 - Proxy auth state: UNCHALLENGED
2019-02-05 05:58:39 DEBUG DefaultHttpClient:684 - Attempt 1 to execute request
2019-02-05 05:58:39 DEBUG DefaultClientConnection:276 - Sending request: POST /rest/auth/1/session HTTP/1.1
2019-02-05 05:58:39 DEBUG wire:72 -  >> "POST /rest/auth/1/session HTTP/1.1[\r][\n]"
2019-02-05 05:58:39 DEBUG wire:72 -  >> "Accept: */*[\r][\n]"
2019-02-05 05:58:39 DEBUG wire:72 -  >> "Content-Type: application/json; charset=UTF-8[\r][\n]"
2019-02-05 05:58:39 DEBUG wire:72 -  >> "Content-Length: 64[\r][\n]"
2019-02-05 05:58:39 DEBUG wire:72 -  >> "Host: localhost:8080[\r][\n]"
2019-02-05 05:58:39 DEBUG wire:72 -  >> "Connection: Keep-Alive[\r][\n]"
2019-02-05 05:58:39 DEBUG wire:72 -  >> "User-Agent: Apache-HttpClient/4.5.2 (Java/1.8.0_192)[\r][\n]"
2019-02-05 05:58:39 DEBUG wire:72 -  >> "Accept-Encoding: gzip,deflate[\r][\n]"
2019-02-05 05:58:39 DEBUG wire:72 -  >> "[\r][\n]"
2019-02-05 05:58:39 DEBUG headers:280 - >> POST /rest/auth/1/session HTTP/1.1
2019-02-05 05:58:39 DEBUG headers:283 - >> Accept: */*
2019-02-05 05:58:39 DEBUG headers:283 - >> Content-Type: application/json; charset=UTF-8
2019-02-05 05:58:39 DEBUG headers:283 - >> Content-Length: 64
2019-02-05 05:58:39 DEBUG headers:283 - >> Host: localhost:8080
2019-02-05 05:58:39 DEBUG headers:283 - >> Connection: Keep-Alive
2019-02-05 05:58:39 DEBUG headers:283 - >> User-Agent: Apache-HttpClient/4.5.2 (Java/1.8.0_192)
2019-02-05 05:58:39 DEBUG headers:283 - >> Accept-Encoding: gzip,deflate
2019-02-05 05:58:39 DEBUG wire:72 -  >> "{  [\n]"
2019-02-05 05:58:39 DEBUG wire:72 -  >> "   "username":"mohammedshakh1",[\n]"
2019-02-05 05:58:39 DEBUG wire:72 -  >> "   "password":"shakey6928"[\n]"
2019-02-05 05:58:39 DEBUG wire:86 -  >> "}"
2019-02-05 05:58:39 DEBUG wire:72 -  << "HTTP/1.1 200 [\r][\n]"
2019-02-05 05:58:39 DEBUG wire:72 -  << "X-AREQUESTID: 358x905x1[\r][\n]"
2019-02-05 05:58:39 DEBUG wire:72 -  << "X-XSS-Protection: 1; mode=block[\r][\n]"
2019-02-05 05:58:39 DEBUG wire:72 -  << "X-Content-Type-Options: nosniff[\r][\n]"
2019-02-05 05:58:39 DEBUG wire:72 -  << "X-Frame-Options: SAMEORIGIN[\r][\n]"
2019-02-05 05:58:39 DEBUG wire:72 -  << "Content-Security-Policy: frame-ancestors 'self'[\r][\n]"
2019-02-05 05:58:39 DEBUG wire:72 -  << "X-ASEN: SEN-L12959518[\r][\n]"
2019-02-05 05:58:39 DEBUG wire:72 -  << "Set-Cookie: atlassian.xsrf.token=BP7Y-SLH9-XPI3-3T9J_1348a0a7edabb3291284ca8d867a24e147c88ecb_lout; Path=/[\r][\n]"
2019-02-05 05:58:39 DEBUG wire:72 -  << "X-AUSERNAME: anonymous[\r][\n]"
2019-02-05 05:58:39 DEBUG wire:72 -  << "Set-Cookie: JSESSIONID=74461928223F5EE477B51072159A241A; Path=/; HttpOnly[\r][\n]"
2019-02-05 05:58:39 DEBUG wire:72 -  << "X-Seraph-LoginReason: OK[\r][\n]"
2019-02-05 05:58:39 DEBUG wire:72 -  << "Cache-Control: no-cache, no-store, no-transform[\r][\n]"
2019-02-05 05:58:39 DEBUG wire:72 -  << "Content-Encoding: gzip[\r][\n]"
2019-02-05 05:58:39 DEBUG wire:72 -  << "Vary: User-Agent[\r][\n]"
2019-02-05 05:58:39 DEBUG wire:72 -  << "Content-Type: application/json;charset=UTF-8[\r][\n]"
2019-02-05 05:58:39 DEBUG wire:72 -  << "Transfer-Encoding: chunked[\r][\n]"
2019-02-05 05:58:39 DEBUG wire:72 -  << "Date: Tue, 05 Feb 2019 10:58:39 GMT[\r][\n]"
2019-02-05 05:58:39 DEBUG wire:72 -  << "[\r][\n]"
2019-02-05 05:58:39 DEBUG DefaultClientConnection:261 - Receiving response: HTTP/1.1 200 
2019-02-05 05:58:39 DEBUG headers:264 - << HTTP/1.1 200 
2019-02-05 05:58:39 DEBUG headers:267 - << X-AREQUESTID: 358x905x1
2019-02-05 05:58:39 DEBUG headers:267 - << X-XSS-Protection: 1; mode=block
2019-02-05 05:58:39 DEBUG headers:267 - << X-Content-Type-Options: nosniff
2019-02-05 05:58:39 DEBUG headers:267 - << X-Frame-Options: SAMEORIGIN
2019-02-05 05:58:39 DEBUG headers:267 - << Content-Security-Policy: frame-ancestors 'self'
2019-02-05 05:58:39 DEBUG headers:267 - << X-ASEN: SEN-L12959518
2019-02-05 05:58:39 DEBUG headers:267 - << Set-Cookie: atlassian.xsrf.token=BP7Y-SLH9-XPI3-3T9J_1348a0a7edabb3291284ca8d867a24e147c88ecb_lout; Path=/
2019-02-05 05:58:39 DEBUG headers:267 - << X-AUSERNAME: anonymous
2019-02-05 05:58:39 DEBUG headers:267 - << Set-Cookie: JSESSIONID=74461928223F5EE477B51072159A241A; Path=/; HttpOnly
2019-02-05 05:58:39 DEBUG headers:267 - << X-Seraph-LoginReason: OK
2019-02-05 05:58:39 DEBUG headers:267 - << Cache-Control: no-cache, no-store, no-transform
2019-02-05 05:58:39 DEBUG headers:267 - << Content-Encoding: gzip
2019-02-05 05:58:39 DEBUG headers:267 - << Vary: User-Agent
2019-02-05 05:58:39 DEBUG headers:267 - << Content-Type: application/json;charset=UTF-8
2019-02-05 05:58:39 DEBUG headers:267 - << Transfer-Encoding: chunked
2019-02-05 05:58:39 DEBUG headers:267 - << Date: Tue, 05 Feb 2019 10:58:39 GMT
2019-02-05 05:58:39 DEBUG DefaultHttpClient:511 - Connection can be kept alive indefinitely
2019-02-05 05:58:39 DEBUG RequestSpecificationImpl$RestAssuredHttpBuilder:545 - Parsing response as: application/json;charset=UTF-8
2019-02-05 05:58:39 DEBUG wire:72 -  << "98[\r][\n]"
2019-02-05 05:58:39 DEBUG wire:86 -  << "[0x1f]"
2019-02-05 05:58:39 DEBUG wire:86 -  << "[0x8b]"
2019-02-05 05:58:39 DEBUG wire:86 -  << "[0x8]"
2019-02-05 05:58:39 DEBUG wire:86 -  << "[0x0]"
2019-02-05 05:58:39 DEBUG wire:86 -  << "[0x0][0x0][0x0][0x0][0x0][0x0]"
2019-02-05 05:58:39 DEBUG RequestSpecificationImpl$RestAssuredHttpBuilder:548 - Parsed data to instance of: class org.apache.http.conn.EofSensorInputStream
2019-02-05 05:58:39 DEBUG RESTCalls:32 - io.restassured.internal.RequestSpecificationImpl@2a640157
2019-02-05 05:58:39 DEBUG wire:86 -  << "[0x1c][0x8d][0xcd][0xe][0x82]0[0x10][0x84][0xdf]e[0xcf]`v[0x97][0xfe][0xd8][0xde]P1[0xc1][0x18]=[0xc0][0xb]p@[0xd3][0x4][c-[0x17][0xd2]wW8[0xce]|[0x93]o[0x16][0x88]c[0x8c].x[0xb0][0xb][0xf8][0xe1]5[0x82][0x85]K[0xd7]t]{[0xbf][0xb5]'(`[0x1e][0xa6][0xb4][0x96]Z[0x8]E[0x86][0xf7][0xcc][0xd5]Y6[0x8d][0xd0][0xfa] [0x9]5[0x93]45[0xb][0xaa]![0x17]0[0x85][0xa7][0xf3][0xad][0x84]U[0xb6][0x85]cH[0xfe][0xb][0x96][0xd0][0x14][0xf0][0xfe][0x8c][0xb3][0xb])^W[0xd0][0xbb][0xed][0x8a][0x91]L[0x89]\[0xa2][0xe8][0xb9][0xb2][0xac][0xfe][0xcb][0x1d][0x93]*Q"B[0xce]?[0x0][0x0][0x0][0xff][0xff]"
2019-02-05 05:58:39 DEBUG wire:72 -  << "[\r][\n]"
2019-02-05 05:58:39 DEBUG wire:72 -  << "a[\r][\n]"
2019-02-05 05:58:39 DEBUG wire:86 -  << "[0x3][0x0]I[0x0][0xcc][0xe][0x9e][0x0][0x0][0x0]"
2019-02-05 05:58:39 DEBUG wire:72 -  << "[\r][\n]"
2019-02-05 05:58:39 DEBUG wire:72 -  << "0[\r][\n]"
2019-02-05 05:58:39 DEBUG wire:72 -  << "[\r][\n]"
2019-02-05 05:58:39 DEBUG BasicClientConnectionManager:203 - Releasing connection org.apache.http.impl.conn.ManagedClientConnectionImpl@189aa67a
2019-02-05 05:58:39 DEBUG BasicClientConnectionManager:228 - Connection can be kept alive indefinitely
2019-02-05 05:58:39 INFO  BaseTest:25 - Login Response Body: {"session":{"name":"JSESSIONID","value":"74461928223F5EE477B51072159A241A"},"loginInfo":{"loginCount":109,"previousLoginTime":"2019-02-04T23:26:10.216-0500"}}
2019-02-05 05:58:39 INFO  TestUtils:15 - Converting Response to String
2019-02-05 05:58:39 DEBUG TestUtils:17 - String Response{"session":{"name":"JSESSIONID","value":"74461928223F5EE477B51072159A241A"},"loginInfo":{"loginCount":109,"previousLoginTime":"2019-02-04T23:26:10.216-0500"}}
2019-02-05 05:58:39 INFO  TestUtils:22 - Parsing String Response to JSON
2019-02-05 05:58:39 DEBUG TestUtils:24 - JSON Response: io.restassured.path.json.JsonPath@3b00856b
2019-02-05 05:58:39 INFO  BaseTest:29 - JIRA JSession ID : 74461928223F5EE477B51072159A241A
2019-02-05 05:58:39 INFO  PayloadGenerator:14 - Inside PayloadConverter function
2019-02-05 05:58:39 INFO  URL:17 - URI End Point : http://localhost:8080/rest/api/2/group
2019-02-05 05:58:39 INFO  RESTCalls:37 - Inside POSTRequest call
2019-02-05 05:58:39 DEBUG BasicClientConnectionManager:164 - Get connection for route {}->http://localhost:8080
2019-02-05 05:58:39 DEBUG DefaultClientConnectionOperator:176 - Connecting to localhost:8080
2019-02-05 05:58:39 DEBUG RequestAddCookies:122 - CookieSpec selected: ignoreCookies
2019-02-05 05:58:39 DEBUG RequestAuthCache:76 - Auth cache not set in the context
2019-02-05 05:58:39 DEBUG RequestProxyAuthentication:88 - Proxy auth state: UNCHALLENGED
2019-02-05 05:58:39 DEBUG DefaultHttpClient:684 - Attempt 1 to execute request
2019-02-05 05:58:39 DEBUG DefaultClientConnection:276 - Sending request: POST /rest/api/2/group HTTP/1.1
2019-02-05 05:58:39 DEBUG wire:72 -  >> "POST /rest/api/2/group HTTP/1.1[\r][\n]"
2019-02-05 05:58:39 DEBUG wire:72 -  >> "Authorization: Basic cmFzaGVkLmFybm9iOmFybm9iMDcwNA==[\r][\n]"
2019-02-05 05:58:39 DEBUG wire:72 -  >> "cookie: JSESSIONID=74461928223F5EE477B51072159A241A[\r][\n]"
2019-02-05 05:58:39 DEBUG wire:72 -  >> "Accept: */*[\r][\n]"
2019-02-05 05:58:39 DEBUG wire:72 -  >> "Content-Type: application/json; charset=UTF-8[\r][\n]"
2019-02-05 05:58:39 DEBUG wire:72 -  >> "Content-Length: 26[\r][\n]"
2019-02-05 05:58:39 DEBUG wire:72 -  >> "Host: localhost:8080[\r][\n]"
2019-02-05 05:58:39 DEBUG wire:72 -  >> "Connection: Keep-Alive[\r][\n]"
2019-02-05 05:58:39 DEBUG wire:72 -  >> "User-Agent: Apache-HttpClient/4.5.2 (Java/1.8.0_192)[\r][\n]"
2019-02-05 05:58:39 DEBUG wire:72 -  >> "Accept-Encoding: gzip,deflate[\r][\n]"
2019-02-05 05:58:39 DEBUG wire:72 -  >> "[\r][\n]"
2019-02-05 05:58:39 DEBUG headers:280 - >> POST /rest/api/2/group HTTP/1.1
2019-02-05 05:58:39 DEBUG headers:283 - >> Authorization: Basic cmFzaGVkLmFybm9iOmFybm9iMDcwNA==
2019-02-05 05:58:39 DEBUG headers:283 - >> cookie: JSESSIONID=74461928223F5EE477B51072159A241A
2019-02-05 05:58:39 DEBUG headers:283 - >> Accept: */*
2019-02-05 05:58:39 DEBUG headers:283 - >> Content-Type: application/json; charset=UTF-8
2019-02-05 05:58:39 DEBUG headers:283 - >> Content-Length: 26
2019-02-05 05:58:39 DEBUG headers:283 - >> Host: localhost:8080
2019-02-05 05:58:39 DEBUG headers:283 - >> Connection: Keep-Alive
2019-02-05 05:58:39 DEBUG headers:283 - >> User-Agent: Apache-HttpClient/4.5.2 (Java/1.8.0_192)
2019-02-05 05:58:39 DEBUG headers:283 - >> Accept-Encoding: gzip,deflate
2019-02-05 05:58:39 DEBUG wire:72 -  >> "{[\n]"
2019-02-05 05:58:39 DEBUG wire:72 -  >> "  "name": "asif.cool"[\n]"
2019-02-05 05:58:39 DEBUG wire:72 -  >> "[\n]"
2019-02-05 05:58:39 DEBUG wire:86 -  >> "}"
2019-02-05 05:58:39 DEBUG wire:72 -  << "HTTP/1.1 400 [\r][\n]"
2019-02-05 05:58:39 DEBUG wire:72 -  << "X-AREQUESTID: 358x906x1[\r][\n]"
2019-02-05 05:58:39 DEBUG wire:72 -  << "X-ASESSIONID: kxb1pv[\r][\n]"
2019-02-05 05:58:39 DEBUG wire:72 -  << "X-XSS-Protection: 1; mode=block[\r][\n]"
2019-02-05 05:58:39 DEBUG wire:72 -  << "X-Content-Type-Options: nosniff[\r][\n]"
2019-02-05 05:58:39 DEBUG wire:72 -  << "X-Frame-Options: SAMEORIGIN[\r][\n]"
2019-02-05 05:58:39 DEBUG wire:72 -  << "Content-Security-Policy: frame-ancestors 'self'[\r][\n]"
2019-02-05 05:58:39 DEBUG wire:72 -  << "X-ASEN: SEN-L12959518[\r][\n]"
2019-02-05 05:58:39 DEBUG wire:72 -  << "X-Seraph-LoginReason: AUTHENTICATED_FAILED[\r][\n]"
2019-02-05 05:58:39 DEBUG wire:72 -  << "Set-Cookie: atlassian.xsrf.token=BP7Y-SLH9-XPI3-3T9J_56d673dd897e4d1bfc8c0e2b481298ae88d1740a_lin; Path=/[\r][\n]"
2019-02-05 05:58:39 DEBUG wire:72 -  << "X-AUSERNAME: mohammedshakh1[\r][\n]"
2019-02-05 05:58:39 DEBUG wire:72 -  << "Cache-Control: no-cache, no-store, no-transform[\r][\n]"
2019-02-05 05:58:39 DEBUG wire:72 -  << "Content-Encoding: gzip[\r][\n]"
2019-02-05 05:58:39 DEBUG wire:72 -  << "Vary: User-Agent[\r][\n]"
2019-02-05 05:58:39 DEBUG wire:72 -  << "Content-Type: application/json;charset=UTF-8[\r][\n]"
2019-02-05 05:58:39 DEBUG wire:72 -  << "Transfer-Encoding: chunked[\r][\n]"
2019-02-05 05:58:39 DEBUG wire:72 -  << "Date: Tue, 05 Feb 2019 10:58:39 GMT[\r][\n]"
2019-02-05 05:58:39 DEBUG wire:72 -  << "Connection: close[\r][\n]"
2019-02-05 05:58:39 DEBUG wire:72 -  << "[\r][\n]"
2019-02-05 05:58:39 DEBUG DefaultClientConnection:261 - Receiving response: HTTP/1.1 400 
2019-02-05 05:58:39 DEBUG headers:264 - << HTTP/1.1 400 
2019-02-05 05:58:39 DEBUG headers:267 - << X-AREQUESTID: 358x906x1
2019-02-05 05:58:39 DEBUG headers:267 - << X-ASESSIONID: kxb1pv
2019-02-05 05:58:39 DEBUG headers:267 - << X-XSS-Protection: 1; mode=block
2019-02-05 05:58:39 DEBUG headers:267 - << X-Content-Type-Options: nosniff
2019-02-05 05:58:39 DEBUG headers:267 - << X-Frame-Options: SAMEORIGIN
2019-02-05 05:58:39 DEBUG headers:267 - << Content-Security-Policy: frame-ancestors 'self'
2019-02-05 05:58:39 DEBUG headers:267 - << X-ASEN: SEN-L12959518
2019-02-05 05:58:39 DEBUG headers:267 - << X-Seraph-LoginReason: AUTHENTICATED_FAILED
2019-02-05 05:58:39 DEBUG headers:267 - << Set-Cookie: atlassian.xsrf.token=BP7Y-SLH9-XPI3-3T9J_56d673dd897e4d1bfc8c0e2b481298ae88d1740a_lin; Path=/
2019-02-05 05:58:39 DEBUG headers:267 - << X-AUSERNAME: mohammedshakh1
2019-02-05 05:58:39 DEBUG headers:267 - << Cache-Control: no-cache, no-store, no-transform
2019-02-05 05:58:39 DEBUG headers:267 - << Content-Encoding: gzip
2019-02-05 05:58:39 DEBUG headers:267 - << Vary: User-Agent
2019-02-05 05:58:39 DEBUG headers:267 - << Content-Type: application/json;charset=UTF-8
2019-02-05 05:58:39 DEBUG headers:267 - << Transfer-Encoding: chunked
2019-02-05 05:58:39 DEBUG headers:267 - << Date: Tue, 05 Feb 2019 10:58:39 GMT
2019-02-05 05:58:39 DEBUG headers:267 - << Connection: close
2019-02-05 05:58:39 DEBUG RequestSpecificationImpl$RestAssuredHttpBuilder:545 - Parsing response as: application/json;charset=UTF-8
2019-02-05 05:58:39 DEBUG wire:72 -  << "5b[\r][\n]"
2019-02-05 05:58:39 DEBUG wire:86 -  << "[0x1f]"
2019-02-05 05:58:39 DEBUG wire:86 -  << "[0x8b]"
2019-02-05 05:58:39 DEBUG wire:86 -  << "[0x8]"
2019-02-05 05:58:39 DEBUG wire:86 -  << "[0x0]"
2019-02-05 05:58:39 DEBUG wire:86 -  << "[0x0][0x0][0x0][0x0][0x0][0x0]"
2019-02-05 05:58:39 DEBUG RequestSpecificationImpl$RestAssuredHttpBuilder:548 - Parsed data to instance of: class org.apache.http.conn.EofSensorInputStream
2019-02-05 05:58:39 DEBUG RESTCalls:43 - Post Request Specificationsio.restassured.internal.RequestSpecificationImpl@59d2103b
2019-02-05 05:58:39 DEBUG wire:86 -  << "[0xaa]VJ-*[0xca]/[0xf2]M-.NLO-V[0xb2][0x8a]VrTH/[0xca]/-P[0xc8]/R(-N-R([0xcf],[0xc9]P([0xc9][0xc8],V[0xc8]K[0xcc]MUH[0xcc])JML[0xa9]TH[0xad][0xc8],.)[0xd6]S[0x8a][0xd5][0x81][0x18][0x1][0xd4][][[0xb][0x0][0x0][0x0][0xff][0xff]"
2019-02-05 05:58:39 DEBUG wire:72 -  << "[\r][\n]"
2019-02-05 05:58:39 DEBUG wire:72 -  << "a[\r][\n]"
2019-02-05 05:58:39 DEBUG wire:86 -  << "[0x3][0x0][0x1e][0x1][0xe8]IP[0x0][0x0][0x0]"
2019-02-05 05:58:39 DEBUG BasicClientConnectionManager:203 - Releasing connection org.apache.http.impl.conn.ManagedClientConnectionImpl@21d8bcbe
2019-02-05 05:58:39 DEBUG DefaultClientConnection:166 - Connection 0.0.0.0:49214<->127.0.0.1:8080 shut down
2019-02-05 05:58:39 INFO  TestUtils:63 - Actual Key Value received from Response:  null
2019-02-05 05:58:39 INFO  BaseTest:18 - Starting Test Case : doLogin
2019-02-05 05:58:39 INFO  PayloadGenerator:14 - Inside PayloadConverter function
2019-02-05 05:58:39 INFO  URL:17 - URI End Point : http://localhost:8080/rest/auth/1/session
2019-02-05 05:58:39 INFO  RESTCalls:28 - Inside POSTRequest call
2019-02-05 05:58:39 DEBUG BasicClientConnectionManager:164 - Get connection for route {}->http://localhost:8080
2019-02-05 05:58:39 DEBUG DefaultClientConnectionOperator:176 - Connecting to localhost:8080
2019-02-05 05:58:39 DEBUG RequestAddCookies:122 - CookieSpec selected: ignoreCookies
2019-02-05 05:58:39 DEBUG RequestAuthCache:76 - Auth cache not set in the context
2019-02-05 05:58:39 DEBUG RequestTargetAuthentication:79 - Target auth state: UNCHALLENGED
2019-02-05 05:58:39 DEBUG RequestProxyAuthentication:88 - Proxy auth state: UNCHALLENGED
2019-02-05 05:58:39 DEBUG DefaultHttpClient:684 - Attempt 1 to execute request
2019-02-05 05:58:39 DEBUG DefaultClientConnection:276 - Sending request: POST /rest/auth/1/session HTTP/1.1
2019-02-05 05:58:39 DEBUG wire:72 -  >> "POST /rest/auth/1/session HTTP/1.1[\r][\n]"
2019-02-05 05:58:39 DEBUG wire:72 -  >> "Accept: */*[\r][\n]"
2019-02-05 05:58:39 DEBUG wire:72 -  >> "Content-Type: application/json; charset=UTF-8[\r][\n]"
2019-02-05 05:58:39 DEBUG wire:72 -  >> "Content-Length: 64[\r][\n]"
2019-02-05 05:58:39 DEBUG wire:72 -  >> "Host: localhost:8080[\r][\n]"
2019-02-05 05:58:39 DEBUG wire:72 -  >> "Connection: Keep-Alive[\r][\n]"
2019-02-05 05:58:39 DEBUG wire:72 -  >> "User-Agent: Apache-HttpClient/4.5.2 (Java/1.8.0_192)[\r][\n]"
2019-02-05 05:58:39 DEBUG wire:72 -  >> "Accept-Encoding: gzip,deflate[\r][\n]"
2019-02-05 05:58:39 DEBUG wire:72 -  >> "[\r][\n]"
2019-02-05 05:58:39 DEBUG headers:280 - >> POST /rest/auth/1/session HTTP/1.1
2019-02-05 05:58:39 DEBUG headers:283 - >> Accept: */*
2019-02-05 05:58:39 DEBUG headers:283 - >> Content-Type: application/json; charset=UTF-8
2019-02-05 05:58:39 DEBUG headers:283 - >> Content-Length: 64
2019-02-05 05:58:39 DEBUG headers:283 - >> Host: localhost:8080
2019-02-05 05:58:39 DEBUG headers:283 - >> Connection: Keep-Alive
2019-02-05 05:58:39 DEBUG headers:283 - >> User-Agent: Apache-HttpClient/4.5.2 (Java/1.8.0_192)
2019-02-05 05:58:39 DEBUG headers:283 - >> Accept-Encoding: gzip,deflate
2019-02-05 05:58:39 DEBUG wire:72 -  >> "{  [\n]"
2019-02-05 05:58:39 DEBUG wire:72 -  >> "   "username":"mohammedshakh1",[\n]"
2019-02-05 05:58:39 DEBUG wire:72 -  >> "   "password":"shakey6928"[\n]"
2019-02-05 05:58:39 DEBUG wire:86 -  >> "}"
2019-02-05 05:58:39 DEBUG wire:72 -  << "HTTP/1.1 200 [\r][\n]"
2019-02-05 05:58:39 DEBUG wire:72 -  << "X-AREQUESTID: 358x907x1[\r][\n]"
2019-02-05 05:58:39 DEBUG wire:72 -  << "X-XSS-Protection: 1; mode=block[\r][\n]"
2019-02-05 05:58:39 DEBUG wire:72 -  << "X-Content-Type-Options: nosniff[\r][\n]"
2019-02-05 05:58:39 DEBUG wire:72 -  << "X-Frame-Options: SAMEORIGIN[\r][\n]"
2019-02-05 05:58:39 DEBUG wire:72 -  << "Content-Security-Policy: frame-ancestors 'self'[\r][\n]"
2019-02-05 05:58:39 DEBUG wire:72 -  << "X-ASEN: SEN-L12959518[\r][\n]"
2019-02-05 05:58:39 DEBUG wire:72 -  << "Set-Cookie: atlassian.xsrf.token=BP7Y-SLH9-XPI3-3T9J_a6cb664a875c079ce9e16630c88e36f4bc997e32_lout; Path=/[\r][\n]"
2019-02-05 05:58:39 DEBUG wire:72 -  << "X-AUSERNAME: anonymous[\r][\n]"
2019-02-05 05:58:39 DEBUG wire:72 -  << "Set-Cookie: JSESSIONID=595496D5A8D9352E07AAC9C754E83185; Path=/; HttpOnly[\r][\n]"
2019-02-05 05:58:39 DEBUG wire:72 -  << "X-Seraph-LoginReason: OK[\r][\n]"
2019-02-05 05:58:39 DEBUG wire:72 -  << "Cache-Control: no-cache, no-store, no-transform[\r][\n]"
2019-02-05 05:58:39 DEBUG wire:72 -  << "Content-Encoding: gzip[\r][\n]"
2019-02-05 05:58:39 DEBUG wire:72 -  << "Vary: User-Agent[\r][\n]"
2019-02-05 05:58:39 DEBUG wire:72 -  << "Content-Type: application/json;charset=UTF-8[\r][\n]"
2019-02-05 05:58:39 DEBUG wire:72 -  << "Transfer-Encoding: chunked[\r][\n]"
2019-02-05 05:58:39 DEBUG wire:72 -  << "Date: Tue, 05 Feb 2019 10:58:39 GMT[\r][\n]"
2019-02-05 05:58:39 DEBUG wire:72 -  << "[\r][\n]"
2019-02-05 05:58:39 DEBUG DefaultClientConnection:261 - Receiving response: HTTP/1.1 200 
2019-02-05 05:58:39 DEBUG headers:264 - << HTTP/1.1 200 
2019-02-05 05:58:39 DEBUG headers:267 - << X-AREQUESTID: 358x907x1
2019-02-05 05:58:39 DEBUG headers:267 - << X-XSS-Protection: 1; mode=block
2019-02-05 05:58:39 DEBUG headers:267 - << X-Content-Type-Options: nosniff
2019-02-05 05:58:39 DEBUG headers:267 - << X-Frame-Options: SAMEORIGIN
2019-02-05 05:58:39 DEBUG headers:267 - << Content-Security-Policy: frame-ancestors 'self'
2019-02-05 05:58:39 DEBUG headers:267 - << X-ASEN: SEN-L12959518
2019-02-05 05:58:39 DEBUG headers:267 - << Set-Cookie: atlassian.xsrf.token=BP7Y-SLH9-XPI3-3T9J_a6cb664a875c079ce9e16630c88e36f4bc997e32_lout; Path=/
2019-02-05 05:58:39 DEBUG headers:267 - << X-AUSERNAME: anonymous
2019-02-05 05:58:39 DEBUG headers:267 - << Set-Cookie: JSESSIONID=595496D5A8D9352E07AAC9C754E83185; Path=/; HttpOnly
2019-02-05 05:58:39 DEBUG headers:267 - << X-Seraph-LoginReason: OK
2019-02-05 05:58:39 DEBUG headers:267 - << Cache-Control: no-cache, no-store, no-transform
2019-02-05 05:58:39 DEBUG headers:267 - << Content-Encoding: gzip
2019-02-05 05:58:39 DEBUG headers:267 - << Vary: User-Agent
2019-02-05 05:58:39 DEBUG headers:267 - << Content-Type: application/json;charset=UTF-8
2019-02-05 05:58:39 DEBUG headers:267 - << Transfer-Encoding: chunked
2019-02-05 05:58:39 DEBUG headers:267 - << Date: Tue, 05 Feb 2019 10:58:39 GMT
2019-02-05 05:58:39 DEBUG DefaultHttpClient:511 - Connection can be kept alive indefinitely
2019-02-05 05:58:39 DEBUG RequestSpecificationImpl$RestAssuredHttpBuilder:545 - Parsing response as: application/json;charset=UTF-8
2019-02-05 05:58:39 DEBUG wire:72 -  << "97[\r][\n]"
2019-02-05 05:58:39 DEBUG wire:86 -  << "[0x1f]"
2019-02-05 05:58:39 DEBUG wire:86 -  << "[0x8b]"
2019-02-05 05:58:39 DEBUG wire:86 -  << "[0x8]"
2019-02-05 05:58:39 DEBUG wire:86 -  << "[0x0]"
2019-02-05 05:58:39 DEBUG wire:86 -  << "[0x0][0x0][0x0][0x0][0x0][0x0]"
2019-02-05 05:58:39 DEBUG RequestSpecificationImpl$RestAssuredHttpBuilder:548 - Parsed data to instance of: class org.apache.http.conn.EofSensorInputStream
2019-02-05 05:58:39 DEBUG RESTCalls:32 - io.restassured.internal.RequestSpecificationImpl@2a39fe6a
2019-02-05 05:58:39 DEBUG wire:86 -  << "[0x1c][0x8d][0xb1][0xe][0x83] [0x14]E[0xff][0xe5][0xcd][0xda]<[0xd4][0xa7][0xc0]f[0x84][0x81][0xa6]i[0x7][0xfd][0x1][0x7][0xda][0x90](4[0xa5][0xba][0x18][0xfe][0xbd][0xc5][0xf1][0xdc][0x93][0xdc]s@[0xb4]1[0xba][0xe0]A[0x1e][0xe0][0xe7][0xd5][0x82][0x84][0xeb][0xa8][0xc7][0xd1]<[0xee]FA[0x1][0xfb][0xbc]ly$A[0x8d]h[0x15][0xf5]\[0x89][0x9a]*[0x8d]][0xdf][0xf]b[0xe8][0xa8][0xd1][0xbc]f[0x9c] [0x15][0xb0][0x84][0x97][0xf3][0xc6]?C>;a[0x8][0x9b][0xff][0x82]d[0xc][0xb]x[0xec][0xee][0xc2][0x16]oYL[0xee]LU[0xc8]D[0x89]U[0x89]4!I[0xe2][0xb2][0x16][0x17][0xd6][0xb2]?#BJ?[0x0][0x0][0x0][0xff][0xff]"
2019-02-05 05:58:39 DEBUG wire:72 -  << "[\r][\n]"
2019-02-05 05:58:39 DEBUG wire:72 -  << "a[\r][\n]"
2019-02-05 05:58:39 DEBUG wire:86 -  << "[0x3][0x0][0xb] [0xd1][0xc2][0x9e][0x0][0x0][0x0]"
2019-02-05 05:58:39 DEBUG wire:72 -  << "[\r][\n]"
2019-02-05 05:58:39 DEBUG wire:72 -  << "0[\r][\n]"
2019-02-05 05:58:39 DEBUG wire:72 -  << "[\r][\n]"
2019-02-05 05:58:39 DEBUG BasicClientConnectionManager:203 - Releasing connection org.apache.http.impl.conn.ManagedClientConnectionImpl@319988b0
2019-02-05 05:58:39 DEBUG BasicClientConnectionManager:228 - Connection can be kept alive indefinitely
2019-02-05 05:58:39 INFO  BaseTest:25 - Login Response Body: {"session":{"name":"JSESSIONID","value":"595496D5A8D9352E07AAC9C754E83185"},"loginInfo":{"loginCount":110,"previousLoginTime":"2019-02-05T05:58:39.161-0500"}}
2019-02-05 05:58:39 INFO  TestUtils:15 - Converting Response to String
2019-02-05 05:58:39 DEBUG TestUtils:17 - String Response{"session":{"name":"JSESSIONID","value":"595496D5A8D9352E07AAC9C754E83185"},"loginInfo":{"loginCount":110,"previousLoginTime":"2019-02-05T05:58:39.161-0500"}}
2019-02-05 05:58:39 INFO  TestUtils:22 - Parsing String Response to JSON
2019-02-05 05:58:39 DEBUG TestUtils:24 - JSON Response: io.restassured.path.json.JsonPath@d5ae57e
2019-02-05 05:58:39 INFO  BaseTest:29 - JIRA JSession ID : 595496D5A8D9352E07AAC9C754E83185
2019-02-05 05:58:39 INFO  PayloadGenerator:14 - Inside PayloadConverter function
2019-02-05 05:58:39 INFO  URL:17 - URI End Point : http://localhost:8080/rest/api/2/issue/
2019-02-05 05:58:39 INFO  RESTCalls:37 - Inside POSTRequest call
2019-02-05 05:58:39 DEBUG BasicClientConnectionManager:164 - Get connection for route {}->http://localhost:8080
2019-02-05 05:58:39 DEBUG DefaultClientConnectionOperator:176 - Connecting to localhost:8080
2019-02-05 05:58:39 DEBUG RequestAddCookies:122 - CookieSpec selected: ignoreCookies
2019-02-05 05:58:39 DEBUG RequestAuthCache:76 - Auth cache not set in the context
2019-02-05 05:58:39 DEBUG RequestProxyAuthentication:88 - Proxy auth state: UNCHALLENGED
2019-02-05 05:58:39 DEBUG DefaultHttpClient:684 - Attempt 1 to execute request
2019-02-05 05:58:39 DEBUG DefaultClientConnection:276 - Sending request: POST /rest/api/2/issue/ HTTP/1.1
2019-02-05 05:58:39 DEBUG wire:72 -  >> "POST /rest/api/2/issue/ HTTP/1.1[\r][\n]"
2019-02-05 05:58:39 DEBUG wire:72 -  >> "Authorization: Basic cmFzaGVkLmFybm9iOmFybm9iMDcwNA==[\r][\n]"
2019-02-05 05:58:39 DEBUG wire:72 -  >> "cookie: JSESSIONID=595496D5A8D9352E07AAC9C754E83185[\r][\n]"
2019-02-05 05:58:39 DEBUG wire:72 -  >> "Accept: */*[\r][\n]"
2019-02-05 05:58:39 DEBUG wire:72 -  >> "Content-Type: application/json; charset=UTF-8[\r][\n]"
2019-02-05 05:58:39 DEBUG wire:72 -  >> "Content-Length: 299[\r][\n]"
2019-02-05 05:58:39 DEBUG wire:72 -  >> "Host: localhost:8080[\r][\n]"
2019-02-05 05:58:39 DEBUG wire:72 -  >> "Connection: Keep-Alive[\r][\n]"
2019-02-05 05:58:39 DEBUG wire:72 -  >> "User-Agent: Apache-HttpClient/4.5.2 (Java/1.8.0_192)[\r][\n]"
2019-02-05 05:58:39 DEBUG wire:72 -  >> "Accept-Encoding: gzip,deflate[\r][\n]"
2019-02-05 05:58:39 DEBUG wire:72 -  >> "[\r][\n]"
2019-02-05 05:58:39 DEBUG headers:280 - >> POST /rest/api/2/issue/ HTTP/1.1
2019-02-05 05:58:39 DEBUG headers:283 - >> Authorization: Basic cmFzaGVkLmFybm9iOmFybm9iMDcwNA==
2019-02-05 05:58:39 DEBUG headers:283 - >> cookie: JSESSIONID=595496D5A8D9352E07AAC9C754E83185
2019-02-05 05:58:39 DEBUG headers:283 - >> Accept: */*
2019-02-05 05:58:39 DEBUG headers:283 - >> Content-Type: application/json; charset=UTF-8
2019-02-05 05:58:39 DEBUG headers:283 - >> Content-Length: 299
2019-02-05 05:58:39 DEBUG headers:283 - >> Host: localhost:8080
2019-02-05 05:58:39 DEBUG headers:283 - >> Connection: Keep-Alive
2019-02-05 05:58:39 DEBUG headers:283 - >> User-Agent: Apache-HttpClient/4.5.2 (Java/1.8.0_192)
2019-02-05 05:58:39 DEBUG headers:283 - >> Accept-Encoding: gzip,deflate
2019-02-05 05:58:39 DEBUG wire:72 -  >> "{[\n]"
2019-02-05 05:58:39 DEBUG wire:72 -  >> "    "fields": {[\n]"
2019-02-05 05:58:39 DEBUG wire:72 -  >> "       "project":[\n]"
2019-02-05 05:58:39 DEBUG wire:72 -  >> "       { [\n]"
2019-02-05 05:58:39 DEBUG wire:72 -  >> "          "key": "REST"[\n]"
2019-02-05 05:58:39 DEBUG wire:72 -  >> "       },[\n]"
2019-02-05 05:58:39 DEBUG wire:72 -  >> "       "summary": "Creating Issue form REST Automation Framework.1010PM on 21 Jan 19",[\n]"
2019-02-05 05:58:39 DEBUG wire:72 -  >> "       "description": "Creating issue form REST Automation Framework",[\n]"
2019-02-05 05:58:39 DEBUG wire:72 -  >> "       "issuetype": {[\n]"
2019-02-05 05:58:39 DEBUG wire:72 -  >> "          "name": "Bug"[\n]"
2019-02-05 05:58:39 DEBUG wire:72 -  >> "       }[\n]"
2019-02-05 05:58:39 DEBUG wire:72 -  >> "   }[\n]"
2019-02-05 05:58:39 DEBUG wire:86 -  >> "}"
2019-02-05 05:58:40 DEBUG wire:72 -  << "HTTP/1.1 201 [\r][\n]"
2019-02-05 05:58:40 DEBUG wire:72 -  << "X-AREQUESTID: 358x908x1[\r][\n]"
2019-02-05 05:58:40 DEBUG wire:72 -  << "X-ASESSIONID: w0pfla[\r][\n]"
2019-02-05 05:58:40 DEBUG wire:72 -  << "X-XSS-Protection: 1; mode=block[\r][\n]"
2019-02-05 05:58:40 DEBUG wire:72 -  << "X-Content-Type-Options: nosniff[\r][\n]"
2019-02-05 05:58:40 DEBUG wire:72 -  << "X-Frame-Options: SAMEORIGIN[\r][\n]"
2019-02-05 05:58:40 DEBUG wire:72 -  << "Content-Security-Policy: frame-ancestors 'self'[\r][\n]"
2019-02-05 05:58:40 DEBUG wire:72 -  << "X-ASEN: SEN-L12959518[\r][\n]"
2019-02-05 05:58:40 DEBUG wire:72 -  << "X-Seraph-LoginReason: AUTHENTICATED_FAILED[\r][\n]"
2019-02-05 05:58:40 DEBUG wire:72 -  << "Set-Cookie: atlassian.xsrf.token=BP7Y-SLH9-XPI3-3T9J_ef6f28b71cdfa43523fe66c2a36b33691db4e7c5_lin; Path=/[\r][\n]"
2019-02-05 05:58:40 DEBUG wire:72 -  << "X-AUSERNAME: mohammedshakh1[\r][\n]"
2019-02-05 05:58:40 DEBUG wire:72 -  << "Cache-Control: no-cache, no-store, no-transform[\r][\n]"
2019-02-05 05:58:40 DEBUG wire:72 -  << "Content-Encoding: gzip[\r][\n]"
2019-02-05 05:58:40 DEBUG wire:72 -  << "Vary: User-Agent[\r][\n]"
2019-02-05 05:58:40 DEBUG wire:72 -  << "Content-Type: application/json;charset=UTF-8[\r][\n]"
2019-02-05 05:58:40 DEBUG wire:72 -  << "Transfer-Encoding: chunked[\r][\n]"
2019-02-05 05:58:40 DEBUG wire:72 -  << "Date: Tue, 05 Feb 2019 10:58:40 GMT[\r][\n]"
2019-02-05 05:58:40 DEBUG wire:72 -  << "[\r][\n]"
2019-02-05 05:58:40 DEBUG DefaultClientConnection:261 - Receiving response: HTTP/1.1 201 
2019-02-05 05:58:40 DEBUG headers:264 - << HTTP/1.1 201 
2019-02-05 05:58:40 DEBUG headers:267 - << X-AREQUESTID: 358x908x1
2019-02-05 05:58:40 DEBUG headers:267 - << X-ASESSIONID: w0pfla
2019-02-05 05:58:40 DEBUG headers:267 - << X-XSS-Protection: 1; mode=block
2019-02-05 05:58:40 DEBUG headers:267 - << X-Content-Type-Options: nosniff
2019-02-05 05:58:40 DEBUG headers:267 - << X-Frame-Options: SAMEORIGIN
2019-02-05 05:58:40 DEBUG headers:267 - << Content-Security-Policy: frame-ancestors 'self'
2019-02-05 05:58:40 DEBUG headers:267 - << X-ASEN: SEN-L12959518
2019-02-05 05:58:40 DEBUG headers:267 - << X-Seraph-LoginReason: AUTHENTICATED_FAILED
2019-02-05 05:58:40 DEBUG headers:267 - << Set-Cookie: atlassian.xsrf.token=BP7Y-SLH9-XPI3-3T9J_ef6f28b71cdfa43523fe66c2a36b33691db4e7c5_lin; Path=/
2019-02-05 05:58:40 DEBUG headers:267 - << X-AUSERNAME: mohammedshakh1
2019-02-05 05:58:40 DEBUG headers:267 - << Cache-Control: no-cache, no-store, no-transform
2019-02-05 05:58:40 DEBUG headers:267 - << Content-Encoding: gzip
2019-02-05 05:58:40 DEBUG headers:267 - << Vary: User-Agent
2019-02-05 05:58:40 DEBUG headers:267 - << Content-Type: application/json;charset=UTF-8
2019-02-05 05:58:40 DEBUG headers:267 - << Transfer-Encoding: chunked
2019-02-05 05:58:40 DEBUG headers:267 - << Date: Tue, 05 Feb 2019 10:58:40 GMT
2019-02-05 05:58:40 DEBUG DefaultHttpClient:511 - Connection can be kept alive indefinitely
2019-02-05 05:58:40 DEBUG RequestSpecificationImpl$RestAssuredHttpBuilder:545 - Parsing response as: application/json;charset=UTF-8
2019-02-05 05:58:40 DEBUG wire:72 -  << "5d[\r][\n]"
2019-02-05 05:58:40 DEBUG wire:86 -  << "[0x1f]"
2019-02-05 05:58:40 DEBUG wire:86 -  << "[0x8b]"
2019-02-05 05:58:40 DEBUG wire:86 -  << "[0x8]"
2019-02-05 05:58:40 DEBUG wire:86 -  << "[0x0]"
2019-02-05 05:58:40 DEBUG wire:86 -  << "[0x0][0x0][0x0][0x0][0x0][0x0]"
2019-02-05 05:58:40 DEBUG RequestSpecificationImpl$RestAssuredHttpBuilder:548 - Parsed data to instance of: class org.apache.http.conn.EofSensorInputStream
2019-02-05 05:58:40 DEBUG RESTCalls:43 - Post Request Specificationsio.restassured.internal.RequestSpecificationImpl@36b0fcd5
2019-02-05 05:58:40 INFO  TestUtils:37 - Getting Response Code
2019-02-05 05:58:40 INFO  TestUtils:39 - Status Code: 201
2019-02-05 05:58:40 INFO  TestUtils:44 - Getting Response Message
2019-02-05 05:58:40 INFO  TestUtils:46 - Response Message: HTTP/1.1 201 
2019-02-05 05:58:40 INFO  BaseTest:18 - Starting Test Case : doLogin
2019-02-05 05:58:40 INFO  PayloadGenerator:14 - Inside PayloadConverter function
2019-02-05 05:58:40 INFO  URL:17 - URI End Point : http://localhost:8080/rest/auth/1/session
2019-02-05 05:58:40 INFO  RESTCalls:28 - Inside POSTRequest call
2019-02-05 05:58:40 DEBUG BasicClientConnectionManager:164 - Get connection for route {}->http://localhost:8080
2019-02-05 05:58:40 DEBUG DefaultClientConnectionOperator:176 - Connecting to localhost:8080
2019-02-05 05:58:40 DEBUG RequestAddCookies:122 - CookieSpec selected: ignoreCookies
2019-02-05 05:58:40 DEBUG RequestAuthCache:76 - Auth cache not set in the context
2019-02-05 05:58:40 DEBUG RequestTargetAuthentication:79 - Target auth state: UNCHALLENGED
2019-02-05 05:58:40 DEBUG RequestProxyAuthentication:88 - Proxy auth state: UNCHALLENGED
2019-02-05 05:58:40 DEBUG DefaultHttpClient:684 - Attempt 1 to execute request
2019-02-05 05:58:40 DEBUG DefaultClientConnection:276 - Sending request: POST /rest/auth/1/session HTTP/1.1
2019-02-05 05:58:40 DEBUG wire:72 -  >> "POST /rest/auth/1/session HTTP/1.1[\r][\n]"
2019-02-05 05:58:40 DEBUG wire:72 -  >> "Accept: */*[\r][\n]"
2019-02-05 05:58:40 DEBUG wire:72 -  >> "Content-Type: application/json; charset=UTF-8[\r][\n]"
2019-02-05 05:58:40 DEBUG wire:72 -  >> "Content-Length: 64[\r][\n]"
2019-02-05 05:58:40 DEBUG wire:72 -  >> "Host: localhost:8080[\r][\n]"
2019-02-05 05:58:40 DEBUG wire:72 -  >> "Connection: Keep-Alive[\r][\n]"
2019-02-05 05:58:40 DEBUG wire:72 -  >> "User-Agent: Apache-HttpClient/4.5.2 (Java/1.8.0_192)[\r][\n]"
2019-02-05 05:58:40 DEBUG wire:72 -  >> "Accept-Encoding: gzip,deflate[\r][\n]"
2019-02-05 05:58:40 DEBUG wire:72 -  >> "[\r][\n]"
2019-02-05 05:58:40 DEBUG headers:280 - >> POST /rest/auth/1/session HTTP/1.1
2019-02-05 05:58:40 DEBUG headers:283 - >> Accept: */*
2019-02-05 05:58:40 DEBUG headers:283 - >> Content-Type: application/json; charset=UTF-8
2019-02-05 05:58:40 DEBUG headers:283 - >> Content-Length: 64
2019-02-05 05:58:40 DEBUG headers:283 - >> Host: localhost:8080
2019-02-05 05:58:40 DEBUG headers:283 - >> Connection: Keep-Alive
2019-02-05 05:58:40 DEBUG headers:283 - >> User-Agent: Apache-HttpClient/4.5.2 (Java/1.8.0_192)
2019-02-05 05:58:40 DEBUG headers:283 - >> Accept-Encoding: gzip,deflate
2019-02-05 05:58:40 DEBUG wire:72 -  >> "{  [\n]"
2019-02-05 05:58:40 DEBUG wire:72 -  >> "   "username":"mohammedshakh1",[\n]"
2019-02-05 05:58:40 DEBUG wire:72 -  >> "   "password":"shakey6928"[\n]"
2019-02-05 05:58:40 DEBUG wire:86 -  >> "}"
2019-02-05 05:58:40 DEBUG wire:72 -  << "HTTP/1.1 200 [\r][\n]"
2019-02-05 05:58:40 DEBUG wire:72 -  << "X-AREQUESTID: 358x909x1[\r][\n]"
2019-02-05 05:58:40 DEBUG wire:72 -  << "X-XSS-Protection: 1; mode=block[\r][\n]"
2019-02-05 05:58:40 DEBUG wire:72 -  << "X-Content-Type-Options: nosniff[\r][\n]"
2019-02-05 05:58:40 DEBUG wire:72 -  << "X-Frame-Options: SAMEORIGIN[\r][\n]"
2019-02-05 05:58:40 DEBUG wire:72 -  << "Content-Security-Policy: frame-ancestors 'self'[\r][\n]"
2019-02-05 05:58:40 DEBUG wire:72 -  << "X-ASEN: SEN-L12959518[\r][\n]"
2019-02-05 05:58:40 DEBUG wire:72 -  << "Set-Cookie: atlassian.xsrf.token=BP7Y-SLH9-XPI3-3T9J_45e8968535af77f308369ca066f27bccd23f9523_lout; Path=/[\r][\n]"
2019-02-05 05:58:40 DEBUG wire:72 -  << "X-AUSERNAME: anonymous[\r][\n]"
2019-02-05 05:58:40 DEBUG wire:72 -  << "Set-Cookie: JSESSIONID=26E667815FBA5C8E02C3D06F5191E10E; Path=/; HttpOnly[\r][\n]"
2019-02-05 05:58:40 DEBUG wire:72 -  << "X-Seraph-LoginReason: OK[\r][\n]"
2019-02-05 05:58:40 DEBUG wire:72 -  << "Cache-Control: no-cache, no-store, no-transform[\r][\n]"
2019-02-05 05:58:40 DEBUG wire:72 -  << "Content-Encoding: gzip[\r][\n]"
2019-02-05 05:58:40 DEBUG wire:72 -  << "Vary: User-Agent[\r][\n]"
2019-02-05 05:58:40 DEBUG wire:72 -  << "Content-Type: application/json;charset=UTF-8[\r][\n]"
2019-02-05 05:58:40 DEBUG wire:72 -  << "Transfer-Encoding: chunked[\r][\n]"
2019-02-05 05:58:40 DEBUG wire:72 -  << "Date: Tue, 05 Feb 2019 10:58:40 GMT[\r][\n]"
2019-02-05 05:58:40 DEBUG wire:72 -  << "[\r][\n]"
2019-02-05 05:58:40 DEBUG DefaultClientConnection:261 - Receiving response: HTTP/1.1 200 
2019-02-05 05:58:40 DEBUG headers:264 - << HTTP/1.1 200 
2019-02-05 05:58:40 DEBUG headers:267 - << X-AREQUESTID: 358x909x1
2019-02-05 05:58:40 DEBUG headers:267 - << X-XSS-Protection: 1; mode=block
2019-02-05 05:58:40 DEBUG headers:267 - << X-Content-Type-Options: nosniff
2019-02-05 05:58:40 DEBUG headers:267 - << X-Frame-Options: SAMEORIGIN
2019-02-05 05:58:40 DEBUG headers:267 - << Content-Security-Policy: frame-ancestors 'self'
2019-02-05 05:58:40 DEBUG headers:267 - << X-ASEN: SEN-L12959518
2019-02-05 05:58:40 DEBUG headers:267 - << Set-Cookie: atlassian.xsrf.token=BP7Y-SLH9-XPI3-3T9J_45e8968535af77f308369ca066f27bccd23f9523_lout; Path=/
2019-02-05 05:58:40 DEBUG headers:267 - << X-AUSERNAME: anonymous
2019-02-05 05:58:40 DEBUG headers:267 - << Set-Cookie: JSESSIONID=26E667815FBA5C8E02C3D06F5191E10E; Path=/; HttpOnly
2019-02-05 05:58:40 DEBUG headers:267 - << X-Seraph-LoginReason: OK
2019-02-05 05:58:40 DEBUG headers:267 - << Cache-Control: no-cache, no-store, no-transform
2019-02-05 05:58:40 DEBUG headers:267 - << Content-Encoding: gzip
2019-02-05 05:58:40 DEBUG headers:267 - << Vary: User-Agent
2019-02-05 05:58:40 DEBUG headers:267 - << Content-Type: application/json;charset=UTF-8
2019-02-05 05:58:40 DEBUG headers:267 - << Transfer-Encoding: chunked
2019-02-05 05:58:40 DEBUG headers:267 - << Date: Tue, 05 Feb 2019 10:58:40 GMT
2019-02-05 05:58:40 DEBUG DefaultHttpClient:511 - Connection can be kept alive indefinitely
2019-02-05 05:58:40 DEBUG RequestSpecificationImpl$RestAssuredHttpBuilder:545 - Parsing response as: application/json;charset=UTF-8
2019-02-05 05:58:40 DEBUG wire:72 -  << "97[\r][\n]"
2019-02-05 05:58:40 DEBUG wire:86 -  << "[0x1f]"
2019-02-05 05:58:40 DEBUG wire:86 -  << "[0x8b]"
2019-02-05 05:58:40 DEBUG wire:86 -  << "[0x8]"
2019-02-05 05:58:40 DEBUG wire:86 -  << "[0x0]"
2019-02-05 05:58:40 DEBUG wire:86 -  << "[0x0][0x0][0x0][0x0][0x0][0x0]"
2019-02-05 05:58:40 DEBUG RequestSpecificationImpl$RestAssuredHttpBuilder:548 - Parsed data to instance of: class org.apache.http.conn.EofSensorInputStream
2019-02-05 05:58:40 DEBUG RESTCalls:32 - io.restassured.internal.RequestSpecificationImpl@7e809b79
2019-02-05 05:58:40 DEBUG wire:72 -  << "[0x1c][0x8d]A[0xe][0x82]0[0x10]E[0xef]2[0xeb]bfJ[0xa6][0x96][0xee][0x14]JRct[0x1][0x17]`[0x81][0xa6][0x9][0xb6][0xc6][\n]"
2019-02-05 05:58:40 DEBUG wire:72 -  << "[0x1b][0xd2][0xbb]+,[0xdf]{[0xc9][0xff]+[0xa4]1%[0x1f][0x3][0x98][0x15][0xc2][0xf0][0x1a][0xc1][0xc0][0xa5][0xb3]][0xe7][0xee]7[0xd7][0x80][0x80]e[0x98][0xe6]MJe[0x95]:j[0xe2][0xf6]|[0xe2]Z[[0x94]u[0xd9][0xa0]j[0x99]*[0xb2][0x84][0x16][0xb2][0x80])>}p[0xe1][0x11][0xb7][0xb1][0x1d][0xea]8[0x87]/[0x18]"[0x12][0xf0][0xfe][0x8c][0x8b][0x8f]s[0xba]n[0xa1][0xf7][0xfb][0x95]D[0xaa][\n]"
2019-02-05 05:58:40 DEBUG wire:86 -  << "[0x94][0x5]r[0x8f]lX[0x9b][0xb2]:h[0xfe]+F[0x84][0x9c][0x0][0x0][0x0][0xff][0xff]"
2019-02-05 05:58:40 DEBUG wire:72 -  << "[\r][\n]"
2019-02-05 05:58:40 DEBUG wire:72 -  << "a[\r][\n]"
2019-02-05 05:58:40 DEBUG wire:86 -  << "[0x3][0x0][0xea]S[0x8b][0xb0][0x9e][0x0][0x0][0x0]"
2019-02-05 05:58:40 DEBUG wire:72 -  << "[\r][\n]"
2019-02-05 05:58:40 DEBUG wire:72 -  << "0[\r][\n]"
2019-02-05 05:58:40 DEBUG wire:72 -  << "[\r][\n]"
2019-02-05 05:58:40 DEBUG BasicClientConnectionManager:203 - Releasing connection org.apache.http.impl.conn.ManagedClientConnectionImpl@5cc126dc
2019-02-05 05:58:40 DEBUG BasicClientConnectionManager:228 - Connection can be kept alive indefinitely
2019-02-05 05:58:40 INFO  BaseTest:25 - Login Response Body: {"session":{"name":"JSESSIONID","value":"26E667815FBA5C8E02C3D06F5191E10E"},"loginInfo":{"loginCount":111,"previousLoginTime":"2019-02-05T05:58:39.859-0500"}}
2019-02-05 05:58:40 INFO  TestUtils:15 - Converting Response to String
2019-02-05 05:58:40 DEBUG TestUtils:17 - String Response{"session":{"name":"JSESSIONID","value":"26E667815FBA5C8E02C3D06F5191E10E"},"loginInfo":{"loginCount":111,"previousLoginTime":"2019-02-05T05:58:39.859-0500"}}
2019-02-05 05:58:40 INFO  TestUtils:22 - Parsing String Response to JSON
2019-02-05 05:58:40 DEBUG TestUtils:24 - JSON Response: io.restassured.path.json.JsonPath@625e134e
2019-02-05 05:58:40 INFO  BaseTest:29 - JIRA JSession ID : 26E667815FBA5C8E02C3D06F5191E10E
2019-02-05 05:58:40 INFO  PayloadGenerator:14 - Inside PayloadConverter function
2019-02-05 05:58:40 INFO  URL:17 - URI End Point : http://localhost:8080/rest/api/2/component
2019-02-05 05:58:40 INFO  RESTCalls:37 - Inside POSTRequest call
2019-02-05 05:58:40 DEBUG BasicClientConnectionManager:164 - Get connection for route {}->http://localhost:8080
2019-02-05 05:58:40 DEBUG DefaultClientConnectionOperator:176 - Connecting to localhost:8080
2019-02-05 05:58:40 DEBUG RequestAddCookies:122 - CookieSpec selected: ignoreCookies
2019-02-05 05:58:40 DEBUG RequestAuthCache:76 - Auth cache not set in the context
2019-02-05 05:58:40 DEBUG RequestProxyAuthentication:88 - Proxy auth state: UNCHALLENGED
2019-02-05 05:58:40 DEBUG DefaultHttpClient:684 - Attempt 1 to execute request
2019-02-05 05:58:40 DEBUG DefaultClientConnection:276 - Sending request: POST /rest/api/2/component HTTP/1.1
2019-02-05 05:58:40 DEBUG wire:72 -  >> "POST /rest/api/2/component HTTP/1.1[\r][\n]"
2019-02-05 05:58:40 DEBUG wire:72 -  >> "Authorization: Basic cmFzaGVkLmFybm9iOmFybm9iMDcwNA==[\r][\n]"
2019-02-05 05:58:40 DEBUG wire:72 -  >> "cookie: JSESSIONID=26E667815FBA5C8E02C3D06F5191E10E[\r][\n]"
2019-02-05 05:58:40 DEBUG wire:72 -  >> "Accept: */*[\r][\n]"
2019-02-05 05:58:40 DEBUG wire:72 -  >> "Content-Type: application/json; charset=UTF-8[\r][\n]"
2019-02-05 05:58:40 DEBUG wire:72 -  >> "Content-Length: 196[\r][\n]"
2019-02-05 05:58:40 DEBUG wire:72 -  >> "Host: localhost:8080[\r][\n]"
2019-02-05 05:58:40 DEBUG wire:72 -  >> "Connection: Keep-Alive[\r][\n]"
2019-02-05 05:58:40 DEBUG wire:72 -  >> "User-Agent: Apache-HttpClient/4.5.2 (Java/1.8.0_192)[\r][\n]"
2019-02-05 05:58:40 DEBUG wire:72 -  >> "Accept-Encoding: gzip,deflate[\r][\n]"
2019-02-05 05:58:40 DEBUG wire:72 -  >> "[\r][\n]"
2019-02-05 05:58:40 DEBUG headers:280 - >> POST /rest/api/2/component HTTP/1.1
2019-02-05 05:58:40 DEBUG headers:283 - >> Authorization: Basic cmFzaGVkLmFybm9iOmFybm9iMDcwNA==
2019-02-05 05:58:40 DEBUG headers:283 - >> cookie: JSESSIONID=26E667815FBA5C8E02C3D06F5191E10E
2019-02-05 05:58:40 DEBUG headers:283 - >> Accept: */*
2019-02-05 05:58:40 DEBUG headers:283 - >> Content-Type: application/json; charset=UTF-8
2019-02-05 05:58:40 DEBUG headers:283 - >> Content-Length: 196
2019-02-05 05:58:40 DEBUG headers:283 - >> Host: localhost:8080
2019-02-05 05:58:40 DEBUG headers:283 - >> Connection: Keep-Alive
2019-02-05 05:58:40 DEBUG headers:283 - >> User-Agent: Apache-HttpClient/4.5.2 (Java/1.8.0_192)
2019-02-05 05:58:40 DEBUG headers:283 - >> Accept-Encoding: gzip,deflate
2019-02-05 05:58:40 DEBUG wire:72 -  >> "{[\n]"
2019-02-05 05:58:40 DEBUG wire:72 -  >> "  "name": "Component 62",[\n]"
2019-02-05 05:58:40 DEBUG wire:72 -  >> "  "description": "This is a Jira component",[\n]"
2019-02-05 05:58:40 DEBUG wire:72 -  >> "  "leadUserName": "mohammedshakh1",[\n]"
2019-02-05 05:58:40 DEBUG wire:72 -  >> "  "assigneeType": "PROJECT_LEAD",[\n]"
2019-02-05 05:58:40 DEBUG wire:72 -  >> "  "isAssigneeTypeValid": false,[\n]"
2019-02-05 05:58:40 DEBUG wire:72 -  >> "  "project": "REST"[\n]"
2019-02-05 05:58:40 DEBUG wire:86 -  >> "}"
2019-02-05 05:58:40 DEBUG wire:72 -  << "HTTP/1.1 400 [\r][\n]"
2019-02-05 05:58:40 DEBUG wire:72 -  << "X-AREQUESTID: 358x910x1[\r][\n]"
2019-02-05 05:58:40 DEBUG wire:72 -  << "X-ASESSIONID: bzsk4h[\r][\n]"
2019-02-05 05:58:40 DEBUG wire:72 -  << "X-XSS-Protection: 1; mode=block[\r][\n]"
2019-02-05 05:58:40 DEBUG wire:72 -  << "X-Content-Type-Options: nosniff[\r][\n]"
2019-02-05 05:58:40 DEBUG wire:72 -  << "X-Frame-Options: SAMEORIGIN[\r][\n]"
2019-02-05 05:58:40 DEBUG wire:72 -  << "Content-Security-Policy: frame-ancestors 'self'[\r][\n]"
2019-02-05 05:58:40 DEBUG wire:72 -  << "X-ASEN: SEN-L12959518[\r][\n]"
2019-02-05 05:58:40 DEBUG wire:72 -  << "X-Seraph-LoginReason: AUTHENTICATED_FAILED[\r][\n]"
2019-02-05 05:58:40 DEBUG wire:72 -  << "Set-Cookie: atlassian.xsrf.token=BP7Y-SLH9-XPI3-3T9J_1acc3f2844b21bc77cdb97b894a5416ac736c72e_lin; Path=/[\r][\n]"
2019-02-05 05:58:40 DEBUG wire:72 -  << "X-AUSERNAME: mohammedshakh1[\r][\n]"
2019-02-05 05:58:40 DEBUG wire:72 -  << "Cache-Control: no-cache, no-store, no-transform[\r][\n]"
2019-02-05 05:58:40 DEBUG wire:72 -  << "Content-Encoding: gzip[\r][\n]"
2019-02-05 05:58:40 DEBUG wire:72 -  << "Vary: User-Agent[\r][\n]"
2019-02-05 05:58:40 DEBUG wire:72 -  << "Content-Type: application/json;charset=UTF-8[\r][\n]"
2019-02-05 05:58:40 DEBUG wire:72 -  << "Transfer-Encoding: chunked[\r][\n]"
2019-02-05 05:58:40 DEBUG wire:72 -  << "Date: Tue, 05 Feb 2019 10:58:40 GMT[\r][\n]"
2019-02-05 05:58:40 DEBUG wire:72 -  << "Connection: close[\r][\n]"
2019-02-05 05:58:40 DEBUG wire:72 -  << "[\r][\n]"
2019-02-05 05:58:40 DEBUG DefaultClientConnection:261 - Receiving response: HTTP/1.1 400 
2019-02-05 05:58:40 DEBUG headers:264 - << HTTP/1.1 400 
2019-02-05 05:58:40 DEBUG headers:267 - << X-AREQUESTID: 358x910x1
2019-02-05 05:58:40 DEBUG headers:267 - << X-ASESSIONID: bzsk4h
2019-02-05 05:58:40 DEBUG headers:267 - << X-XSS-Protection: 1; mode=block
2019-02-05 05:58:40 DEBUG headers:267 - << X-Content-Type-Options: nosniff
2019-02-05 05:58:40 DEBUG headers:267 - << X-Frame-Options: SAMEORIGIN
2019-02-05 05:58:40 DEBUG headers:267 - << Content-Security-Policy: frame-ancestors 'self'
2019-02-05 05:58:40 DEBUG headers:267 - << X-ASEN: SEN-L12959518
2019-02-05 05:58:40 DEBUG headers:267 - << X-Seraph-LoginReason: AUTHENTICATED_FAILED
2019-02-05 05:58:40 DEBUG headers:267 - << Set-Cookie: atlassian.xsrf.token=BP7Y-SLH9-XPI3-3T9J_1acc3f2844b21bc77cdb97b894a5416ac736c72e_lin; Path=/
2019-02-05 05:58:40 DEBUG headers:267 - << X-AUSERNAME: mohammedshakh1
2019-02-05 05:58:40 DEBUG headers:267 - << Cache-Control: no-cache, no-store, no-transform
2019-02-05 05:58:40 DEBUG headers:267 - << Content-Encoding: gzip
2019-02-05 05:58:40 DEBUG headers:267 - << Vary: User-Agent
2019-02-05 05:58:40 DEBUG headers:267 - << Content-Type: application/json;charset=UTF-8
2019-02-05 05:58:40 DEBUG headers:267 - << Transfer-Encoding: chunked
2019-02-05 05:58:40 DEBUG headers:267 - << Date: Tue, 05 Feb 2019 10:58:40 GMT
2019-02-05 05:58:40 DEBUG headers:267 - << Connection: close
2019-02-05 05:58:40 DEBUG RequestSpecificationImpl$RestAssuredHttpBuilder:545 - Parsing response as: application/json;charset=UTF-8
2019-02-05 05:58:40 DEBUG wire:72 -  << "6f[\r][\n]"
2019-02-05 05:58:40 DEBUG wire:86 -  << "[0x1f]"
2019-02-05 05:58:40 DEBUG wire:86 -  << "[0x8b]"
2019-02-05 05:58:40 DEBUG wire:86 -  << "[0x8]"
2019-02-05 05:58:40 DEBUG wire:86 -  << "[0x0]"
2019-02-05 05:58:40 DEBUG wire:86 -  << "[0x0][0x0][0x0][0x0][0x0][0x0]"
2019-02-05 05:58:40 DEBUG RequestSpecificationImpl$RestAssuredHttpBuilder:548 - Parsed data to instance of: class org.apache.http.conn.EofSensorInputStream
2019-02-05 05:58:40 DEBUG RESTCalls:43 - Post Request Specificationsio.restassured.internal.RequestSpecificationImpl@41a90fa8
2019-02-05 05:58:40 INFO  TestUtils:52 - chunked
2019-02-05 05:58:40 INFO  TestUtils:56 - Header Transfer-Encoding = chunked available
2019-02-05 05:58:40 INFO  TestUtils:37 - Getting Response Code
2019-02-05 05:58:40 INFO  TestUtils:39 - Status Code: 400
2019-02-05 05:58:40 INFO  BaseTest:18 - Starting Test Case : doLogin
2019-02-05 05:58:40 INFO  PayloadGenerator:14 - Inside PayloadConverter function
2019-02-05 05:58:40 INFO  URL:17 - URI End Point : http://localhost:8080/rest/auth/1/session
2019-02-05 05:58:40 INFO  RESTCalls:28 - Inside POSTRequest call
2019-02-05 05:58:40 DEBUG BasicClientConnectionManager:164 - Get connection for route {}->http://localhost:8080
2019-02-05 05:58:40 DEBUG DefaultClientConnectionOperator:176 - Connecting to localhost:8080
2019-02-05 05:58:40 DEBUG RequestAddCookies:122 - CookieSpec selected: ignoreCookies
2019-02-05 05:58:40 DEBUG RequestAuthCache:76 - Auth cache not set in the context
2019-02-05 05:58:40 DEBUG RequestTargetAuthentication:79 - Target auth state: UNCHALLENGED
2019-02-05 05:58:40 DEBUG RequestProxyAuthentication:88 - Proxy auth state: UNCHALLENGED
2019-02-05 05:58:40 DEBUG DefaultHttpClient:684 - Attempt 1 to execute request
2019-02-05 05:58:40 DEBUG DefaultClientConnection:276 - Sending request: POST /rest/auth/1/session HTTP/1.1
2019-02-05 05:58:40 DEBUG wire:72 -  >> "POST /rest/auth/1/session HTTP/1.1[\r][\n]"
2019-02-05 05:58:40 DEBUG wire:72 -  >> "Accept: */*[\r][\n]"
2019-02-05 05:58:40 DEBUG wire:72 -  >> "Content-Type: application/json; charset=UTF-8[\r][\n]"
2019-02-05 05:58:40 DEBUG wire:72 -  >> "Content-Length: 64[\r][\n]"
2019-02-05 05:58:40 DEBUG wire:72 -  >> "Host: localhost:8080[\r][\n]"
2019-02-05 05:58:40 DEBUG wire:72 -  >> "Connection: Keep-Alive[\r][\n]"
2019-02-05 05:58:40 DEBUG wire:72 -  >> "User-Agent: Apache-HttpClient/4.5.2 (Java/1.8.0_192)[\r][\n]"
2019-02-05 05:58:40 DEBUG wire:72 -  >> "Accept-Encoding: gzip,deflate[\r][\n]"
2019-02-05 05:58:40 DEBUG wire:72 -  >> "[\r][\n]"
2019-02-05 05:58:40 DEBUG headers:280 - >> POST /rest/auth/1/session HTTP/1.1
2019-02-05 05:58:40 DEBUG headers:283 - >> Accept: */*
2019-02-05 05:58:40 DEBUG headers:283 - >> Content-Type: application/json; charset=UTF-8
2019-02-05 05:58:40 DEBUG headers:283 - >> Content-Length: 64
2019-02-05 05:58:40 DEBUG headers:283 - >> Host: localhost:8080
2019-02-05 05:58:40 DEBUG headers:283 - >> Connection: Keep-Alive
2019-02-05 05:58:40 DEBUG headers:283 - >> User-Agent: Apache-HttpClient/4.5.2 (Java/1.8.0_192)
2019-02-05 05:58:40 DEBUG headers:283 - >> Accept-Encoding: gzip,deflate
2019-02-05 05:58:40 DEBUG wire:72 -  >> "{  [\n]"
2019-02-05 05:58:40 DEBUG wire:72 -  >> "   "username":"mohammedshakh1",[\n]"
2019-02-05 05:58:40 DEBUG wire:72 -  >> "   "password":"shakey6928"[\n]"
2019-02-05 05:58:40 DEBUG wire:86 -  >> "}"
2019-02-05 05:58:40 DEBUG wire:72 -  << "HTTP/1.1 200 [\r][\n]"
2019-02-05 05:58:40 DEBUG wire:72 -  << "X-AREQUESTID: 358x911x1[\r][\n]"
2019-02-05 05:58:40 DEBUG wire:72 -  << "X-XSS-Protection: 1; mode=block[\r][\n]"
2019-02-05 05:58:40 DEBUG wire:72 -  << "X-Content-Type-Options: nosniff[\r][\n]"
2019-02-05 05:58:40 DEBUG wire:72 -  << "X-Frame-Options: SAMEORIGIN[\r][\n]"
2019-02-05 05:58:40 DEBUG wire:72 -  << "Content-Security-Policy: frame-ancestors 'self'[\r][\n]"
2019-02-05 05:58:40 DEBUG wire:72 -  << "X-ASEN: SEN-L12959518[\r][\n]"
2019-02-05 05:58:40 DEBUG wire:72 -  << "Set-Cookie: atlassian.xsrf.token=BP7Y-SLH9-XPI3-3T9J_f59020066dc67f866e83940de121db2dc040f2d6_lout; Path=/[\r][\n]"
2019-02-05 05:58:40 DEBUG wire:72 -  << "X-AUSERNAME: anonymous[\r][\n]"
2019-02-05 05:58:40 DEBUG wire:72 -  << "Set-Cookie: JSESSIONID=114B53745416C90253B967C8DD411074; Path=/; HttpOnly[\r][\n]"
2019-02-05 05:58:40 DEBUG wire:72 -  << "X-Seraph-LoginReason: OK[\r][\n]"
2019-02-05 05:58:40 DEBUG wire:72 -  << "Cache-Control: no-cache, no-store, no-transform[\r][\n]"
2019-02-05 05:58:40 DEBUG wire:72 -  << "Content-Encoding: gzip[\r][\n]"
2019-02-05 05:58:40 DEBUG wire:72 -  << "Vary: User-Agent[\r][\n]"
2019-02-05 05:58:40 DEBUG wire:72 -  << "Content-Type: application/json;charset=UTF-8[\r][\n]"
2019-02-05 05:58:40 DEBUG wire:72 -  << "Transfer-Encoding: chunked[\r][\n]"
2019-02-05 05:58:40 DEBUG wire:72 -  << "Date: Tue, 05 Feb 2019 10:58:40 GMT[\r][\n]"
2019-02-05 05:58:40 DEBUG wire:72 -  << "[\r][\n]"
2019-02-05 05:58:40 DEBUG DefaultClientConnection:261 - Receiving response: HTTP/1.1 200 
2019-02-05 05:58:40 DEBUG headers:264 - << HTTP/1.1 200 
2019-02-05 05:58:40 DEBUG headers:267 - << X-AREQUESTID: 358x911x1
2019-02-05 05:58:40 DEBUG headers:267 - << X-XSS-Protection: 1; mode=block
2019-02-05 05:58:40 DEBUG headers:267 - << X-Content-Type-Options: nosniff
2019-02-05 05:58:40 DEBUG headers:267 - << X-Frame-Options: SAMEORIGIN
2019-02-05 05:58:40 DEBUG headers:267 - << Content-Security-Policy: frame-ancestors 'self'
2019-02-05 05:58:40 DEBUG headers:267 - << X-ASEN: SEN-L12959518
2019-02-05 05:58:40 DEBUG headers:267 - << Set-Cookie: atlassian.xsrf.token=BP7Y-SLH9-XPI3-3T9J_f59020066dc67f866e83940de121db2dc040f2d6_lout; Path=/
2019-02-05 05:58:40 DEBUG headers:267 - << X-AUSERNAME: anonymous
2019-02-05 05:58:40 DEBUG headers:267 - << Set-Cookie: JSESSIONID=114B53745416C90253B967C8DD411074; Path=/; HttpOnly
2019-02-05 05:58:40 DEBUG headers:267 - << X-Seraph-LoginReason: OK
2019-02-05 05:58:40 DEBUG headers:267 - << Cache-Control: no-cache, no-store, no-transform
2019-02-05 05:58:40 DEBUG headers:267 - << Content-Encoding: gzip
2019-02-05 05:58:40 DEBUG headers:267 - << Vary: User-Agent
2019-02-05 05:58:40 DEBUG headers:267 - << Content-Type: application/json;charset=UTF-8
2019-02-05 05:58:40 DEBUG headers:267 - << Transfer-Encoding: chunked
2019-02-05 05:58:40 DEBUG headers:267 - << Date: Tue, 05 Feb 2019 10:58:40 GMT
2019-02-05 05:58:40 DEBUG DefaultHttpClient:511 - Connection can be kept alive indefinitely
2019-02-05 05:58:40 DEBUG RequestSpecificationImpl$RestAssuredHttpBuilder:545 - Parsing response as: application/json;charset=UTF-8
2019-02-05 05:58:40 DEBUG wire:72 -  << "97[\r][\n]"
2019-02-05 05:58:40 DEBUG wire:86 -  << "[0x1f]"
2019-02-05 05:58:40 DEBUG wire:86 -  << "[0x8b]"
2019-02-05 05:58:40 DEBUG wire:86 -  << "[0x8]"
2019-02-05 05:58:40 DEBUG wire:86 -  << "[0x0]"
2019-02-05 05:58:40 DEBUG wire:86 -  << "[0x0][0x0][0x0][0x0][0x0][0x0]"
2019-02-05 05:58:40 DEBUG RequestSpecificationImpl$RestAssuredHttpBuilder:548 - Parsed data to instance of: class org.apache.http.conn.EofSensorInputStream
2019-02-05 05:58:40 DEBUG RESTCalls:32 - io.restassured.internal.RequestSpecificationImpl@78aea4b9
2019-02-05 05:58:40 DEBUG wire:72 -  << "[0x1c][0x8d][0xcb][0xe][0x82]0[0x10]E[0xff]e[0xd6][0xc5][0xcc][0x94])[0x8f].i][0xd4][0x18]][0xc0][0xf][0xb0]@[0xd3][0x4][c[0x85][\r][0xe9][0xbf]+,[0xcf]=[0xc9]=[0x1b][0xa4])%[0x1f][0x3][0xe8][\r][0xc2][0xf8][0x9a]@[0xc3][0xa5]?[0xf7][0xbd][0xbb][0xdf][0x9c][0x5][0x1][0xeb]8/[0xfb]H[0xc4][0x9d]*kVL[0x95]iQ[0xaa][0xb2]k[0xab][0xda]4[0xd6]2[0x11][0xd6][0xc]Y[0xc0][0x1c][0x9f]>[0xb8][0xf0][0x88][0xfb][0xd9][0x1]&.[0xe1][0xb][0x9a]H[\n]"
2019-02-05 05:58:40 DEBUG wire:86 -  << "x[0xa6][0xd5][0xc7]%]w1[0xf8]#%[0x91][0xda][0x2]e[0x81]j@[0xa5]U[0xa3][0x19]OL[0xcd][0x9f][0x11]![0xe7][0x1f][0x0][0x0][0x0][0xff][0xff]"
2019-02-05 05:58:40 DEBUG wire:72 -  << "[\r][\n]"
2019-02-05 05:58:40 DEBUG wire:72 -  << "a[\r][\n]"
2019-02-05 05:58:40 DEBUG wire:86 -  << "[0x3][0x0][0xc1]:[0xdb]F[0x9e][0x0][0x0][0x0]"
2019-02-05 05:58:40 DEBUG wire:72 -  << "[\r][\n]"
2019-02-05 05:58:40 DEBUG wire:72 -  << "0[\r][\n]"
2019-02-05 05:58:40 DEBUG wire:72 -  << "[\r][\n]"
2019-02-05 05:58:40 DEBUG BasicClientConnectionManager:203 - Releasing connection org.apache.http.impl.conn.ManagedClientConnectionImpl@2a65bb85
2019-02-05 05:58:40 DEBUG BasicClientConnectionManager:228 - Connection can be kept alive indefinitely
2019-02-05 05:58:40 INFO  BaseTest:25 - Login Response Body: {"session":{"name":"JSESSIONID","value":"114B53745416C90253B967C8DD411074"},"loginInfo":{"loginCount":112,"previousLoginTime":"2019-02-05T05:58:40.418-0500"}}
2019-02-05 05:58:40 INFO  TestUtils:15 - Converting Response to String
2019-02-05 05:58:40 DEBUG TestUtils:17 - String Response{"session":{"name":"JSESSIONID","value":"114B53745416C90253B967C8DD411074"},"loginInfo":{"loginCount":112,"previousLoginTime":"2019-02-05T05:58:40.418-0500"}}
2019-02-05 05:58:40 INFO  TestUtils:22 - Parsing String Response to JSON
2019-02-05 05:58:40 DEBUG TestUtils:24 - JSON Response: io.restassured.path.json.JsonPath@4b85880b
2019-02-05 05:58:40 INFO  BaseTest:29 - JIRA JSession ID : 114B53745416C90253B967C8DD411074
2019-02-05 05:58:40 INFO  PayloadGenerator:14 - Inside PayloadConverter function
2019-02-05 05:58:40 INFO  URL:17 - URI End Point : http://localhost:8080/rest/api/2/group
2019-02-05 05:58:40 INFO  RESTCalls:37 - Inside POSTRequest call
2019-02-05 05:58:40 DEBUG BasicClientConnectionManager:164 - Get connection for route {}->http://localhost:8080
2019-02-05 05:58:40 DEBUG DefaultClientConnectionOperator:176 - Connecting to localhost:8080
2019-02-05 05:58:40 DEBUG RequestAddCookies:122 - CookieSpec selected: ignoreCookies
2019-02-05 05:58:40 DEBUG RequestAuthCache:76 - Auth cache not set in the context
2019-02-05 05:58:40 DEBUG RequestProxyAuthentication:88 - Proxy auth state: UNCHALLENGED
2019-02-05 05:58:40 DEBUG DefaultHttpClient:684 - Attempt 1 to execute request
2019-02-05 05:58:40 DEBUG DefaultClientConnection:276 - Sending request: POST /rest/api/2/group HTTP/1.1
2019-02-05 05:58:40 DEBUG wire:72 -  >> "POST /rest/api/2/group HTTP/1.1[\r][\n]"
2019-02-05 05:58:40 DEBUG wire:72 -  >> "Authorization: Basic cmFzaGVkLmFybm9iOmFybm9iMDcwNA==[\r][\n]"
2019-02-05 05:58:40 DEBUG wire:72 -  >> "cookie: JSESSIONID=114B53745416C90253B967C8DD411074[\r][\n]"
2019-02-05 05:58:40 DEBUG wire:72 -  >> "Accept: */*[\r][\n]"
2019-02-05 05:58:40 DEBUG wire:72 -  >> "Content-Type: application/json; charset=UTF-8[\r][\n]"
2019-02-05 05:58:40 DEBUG wire:72 -  >> "Content-Length: 26[\r][\n]"
2019-02-05 05:58:40 DEBUG wire:72 -  >> "Host: localhost:8080[\r][\n]"
2019-02-05 05:58:40 DEBUG wire:72 -  >> "Connection: Keep-Alive[\r][\n]"
2019-02-05 05:58:40 DEBUG wire:72 -  >> "User-Agent: Apache-HttpClient/4.5.2 (Java/1.8.0_192)[\r][\n]"
2019-02-05 05:58:40 DEBUG wire:72 -  >> "Accept-Encoding: gzip,deflate[\r][\n]"
2019-02-05 05:58:40 DEBUG wire:72 -  >> "[\r][\n]"
2019-02-05 05:58:40 DEBUG headers:280 - >> POST /rest/api/2/group HTTP/1.1
2019-02-05 05:58:40 DEBUG headers:283 - >> Authorization: Basic cmFzaGVkLmFybm9iOmFybm9iMDcwNA==
2019-02-05 05:58:40 DEBUG headers:283 - >> cookie: JSESSIONID=114B53745416C90253B967C8DD411074
2019-02-05 05:58:40 DEBUG headers:283 - >> Accept: */*
2019-02-05 05:58:40 DEBUG headers:283 - >> Content-Type: application/json; charset=UTF-8
2019-02-05 05:58:40 DEBUG headers:283 - >> Content-Length: 26
2019-02-05 05:58:40 DEBUG headers:283 - >> Host: localhost:8080
2019-02-05 05:58:40 DEBUG headers:283 - >> Connection: Keep-Alive
2019-02-05 05:58:40 DEBUG headers:283 - >> User-Agent: Apache-HttpClient/4.5.2 (Java/1.8.0_192)
2019-02-05 05:58:40 DEBUG headers:283 - >> Accept-Encoding: gzip,deflate
2019-02-05 05:58:40 DEBUG wire:72 -  >> "{[\n]"
2019-02-05 05:58:40 DEBUG wire:72 -  >> "  "name": "asif.cool"[\n]"
2019-02-05 05:58:40 DEBUG wire:72 -  >> "[\n]"
2019-02-05 05:58:40 DEBUG wire:86 -  >> "}"
2019-02-05 05:58:40 DEBUG wire:72 -  << "HTTP/1.1 400 [\r][\n]"
2019-02-05 05:58:40 DEBUG wire:72 -  << "X-AREQUESTID: 358x912x1[\r][\n]"
2019-02-05 05:58:40 DEBUG wire:72 -  << "X-ASESSIONID: 18h91dq[\r][\n]"
2019-02-05 05:58:40 DEBUG wire:72 -  << "X-XSS-Protection: 1; mode=block[\r][\n]"
2019-02-05 05:58:40 DEBUG wire:72 -  << "X-Content-Type-Options: nosniff[\r][\n]"
2019-02-05 05:58:40 DEBUG wire:72 -  << "X-Frame-Options: SAMEORIGIN[\r][\n]"
2019-02-05 05:58:40 DEBUG wire:72 -  << "Content-Security-Policy: frame-ancestors 'self'[\r][\n]"
2019-02-05 05:58:40 DEBUG wire:72 -  << "X-ASEN: SEN-L12959518[\r][\n]"
2019-02-05 05:58:40 DEBUG wire:72 -  << "X-Seraph-LoginReason: AUTHENTICATED_FAILED[\r][\n]"
2019-02-05 05:58:40 DEBUG wire:72 -  << "Set-Cookie: atlassian.xsrf.token=BP7Y-SLH9-XPI3-3T9J_7f979b9496834781e05e3e998abcc85cd196ccfd_lin; Path=/[\r][\n]"
2019-02-05 05:58:40 DEBUG wire:72 -  << "X-AUSERNAME: mohammedshakh1[\r][\n]"
2019-02-05 05:58:40 DEBUG wire:72 -  << "Cache-Control: no-cache, no-store, no-transform[\r][\n]"
2019-02-05 05:58:40 DEBUG wire:72 -  << "Content-Encoding: gzip[\r][\n]"
2019-02-05 05:58:40 DEBUG wire:72 -  << "Vary: User-Agent[\r][\n]"
2019-02-05 05:58:40 DEBUG wire:72 -  << "Content-Type: application/json;charset=UTF-8[\r][\n]"
2019-02-05 05:58:40 DEBUG wire:72 -  << "Transfer-Encoding: chunked[\r][\n]"
2019-02-05 05:58:40 DEBUG wire:72 -  << "Date: Tue, 05 Feb 2019 10:58:40 GMT[\r][\n]"
2019-02-05 05:58:40 DEBUG wire:72 -  << "Connection: close[\r][\n]"
2019-02-05 05:58:40 DEBUG wire:72 -  << "[\r][\n]"
2019-02-05 05:58:40 DEBUG DefaultClientConnection:261 - Receiving response: HTTP/1.1 400 
2019-02-05 05:58:40 DEBUG headers:264 - << HTTP/1.1 400 
2019-02-05 05:58:40 DEBUG headers:267 - << X-AREQUESTID: 358x912x1
2019-02-05 05:58:40 DEBUG headers:267 - << X-ASESSIONID: 18h91dq
2019-02-05 05:58:40 DEBUG headers:267 - << X-XSS-Protection: 1; mode=block
2019-02-05 05:58:40 DEBUG headers:267 - << X-Content-Type-Options: nosniff
2019-02-05 05:58:40 DEBUG headers:267 - << X-Frame-Options: SAMEORIGIN
2019-02-05 05:58:40 DEBUG headers:267 - << Content-Security-Policy: frame-ancestors 'self'
2019-02-05 05:58:40 DEBUG headers:267 - << X-ASEN: SEN-L12959518
2019-02-05 05:58:40 DEBUG headers:267 - << X-Seraph-LoginReason: AUTHENTICATED_FAILED
2019-02-05 05:58:40 DEBUG headers:267 - << Set-Cookie: atlassian.xsrf.token=BP7Y-SLH9-XPI3-3T9J_7f979b9496834781e05e3e998abcc85cd196ccfd_lin; Path=/
2019-02-05 05:58:40 DEBUG headers:267 - << X-AUSERNAME: mohammedshakh1
2019-02-05 05:58:40 DEBUG headers:267 - << Cache-Control: no-cache, no-store, no-transform
2019-02-05 05:58:40 DEBUG headers:267 - << Content-Encoding: gzip
2019-02-05 05:58:40 DEBUG headers:267 - << Vary: User-Agent
2019-02-05 05:58:40 DEBUG headers:267 - << Content-Type: application/json;charset=UTF-8
2019-02-05 05:58:40 DEBUG headers:267 - << Transfer-Encoding: chunked
2019-02-05 05:58:40 DEBUG headers:267 - << Date: Tue, 05 Feb 2019 10:58:40 GMT
2019-02-05 05:58:40 DEBUG headers:267 - << Connection: close
2019-02-05 05:58:40 DEBUG RequestSpecificationImpl$RestAssuredHttpBuilder:545 - Parsing response as: application/json;charset=UTF-8
2019-02-05 05:58:40 DEBUG wire:72 -  << "5b[\r][\n]"
2019-02-05 05:58:40 DEBUG wire:86 -  << "[0x1f]"
2019-02-05 05:58:40 DEBUG wire:86 -  << "[0x8b]"
2019-02-05 05:58:40 DEBUG wire:86 -  << "[0x8]"
2019-02-05 05:58:40 DEBUG wire:86 -  << "[0x0]"
2019-02-05 05:58:40 DEBUG wire:86 -  << "[0x0][0x0][0x0][0x0][0x0][0x0]"
2019-02-05 05:58:40 DEBUG RequestSpecificationImpl$RestAssuredHttpBuilder:548 - Parsed data to instance of: class org.apache.http.conn.EofSensorInputStream
2019-02-05 05:58:40 DEBUG RESTCalls:43 - Post Request Specificationsio.restassured.internal.RequestSpecificationImpl@5e8f9e2d
2019-02-05 05:58:40 INFO  TestUtils:52 - mohammedshakh1
2019-02-05 05:58:40 INFO  TestUtils:56 - Header X-AUSERNAME = mohammedshakh1 available
2019-02-05 05:58:40 INFO  TestUtils:37 - Getting Response Code
2019-02-05 05:58:40 INFO  TestUtils:39 - Status Code: 400
